<?xml version="1.0" encoding="UTF-8"?>
<testng-results ignored="0" total="5" passed="5" failed="0" skipped="0">
  <reporter-output>
  </reporter-output>
  <suite started-at="2022-10-31T21:26:12 MDT" name="Suite" finished-at="2022-10-31T21:26:12 MDT" duration-ms="413">
    <groups>
      <group name="Smoke">
        <method signature="Demo1.Demo2()[pri:0, instance:test.Demo1@3541cb24]" name="Demo2" class="test.Demo1"/>
        <method signature="Demo3.Demo5()[pri:0, instance:test.Demo3@fa49800]" name="Demo5" class="test.Demo3"/>
      </group> <!-- Smoke -->
    </groups>
    <test started-at="2022-10-31T21:26:12 MDT" name="Test" finished-at="2022-10-31T21:26:12 MDT" duration-ms="145">
      <class name="test.Demo2">
        <test-method signature="demo3(java.lang.String)[pri:0, instance:test.Demo2@34f5090e]" started-at="2022-10-31T21:26:12 MDT" name="demo3" finished-at="2022-10-31T21:26:12 MDT" duration-ms="5" status="PASS">
          <params>
            <param index="0">
              <value>
                <![CDATA[www.google.ca]]>
              </value>
            </param>
          </params>
          <reporter-output>
          </reporter-output>
        </test-method> <!-- demo3 -->
      </class> <!-- test.Demo2 -->
      <class name="test.Demo1">
        <test-method signature="Demo()[pri:0, instance:test.Demo1@3541cb24]" started-at="2022-10-31T21:26:12 MDT" name="Demo" finished-at="2022-10-31T21:26:12 MDT" duration-ms="10" status="PASS">
          <reporter-output>
          </reporter-output>
        </test-method> <!-- Demo -->
        <test-method signature="Demo2()[pri:0, instance:test.Demo1@3541cb24]" started-at="2022-10-31T21:26:12 MDT" name="Demo2" finished-at="2022-10-31T21:26:12 MDT" duration-ms="4" status="PASS">
          <reporter-output>
          </reporter-output>
        </test-method> <!-- Demo2 -->
      </class> <!-- test.Demo1 -->
    </test> <!-- Test -->
    <test started-at="2022-10-31T21:26:12 MDT" name="Car loan" finished-at="2022-10-31T21:26:12 MDT" duration-ms="44">
      <class name="test.Demo3">
        <test-method is-config="true" signature="Demo7()[pri:0, instance:test.Demo3@fa49800]" started-at="2022-10-31T21:26:12 MDT" name="Demo7" finished-at="2022-10-31T21:26:12 MDT" duration-ms="79" status="PASS">
          <reporter-output>
          </reporter-output>
        </test-method> <!-- Demo7 -->
        <test-method is-config="true" signature="Demo6()[pri:0, instance:test.Demo3@fa49800]" started-at="2022-10-31T21:26:12 MDT" name="Demo6" finished-at="2022-10-31T21:26:12 MDT" duration-ms="0" status="PASS">
          <reporter-output>
          </reporter-output>
        </test-method> <!-- Demo6 -->
        <test-method is-config="true" signature="Demoo()[pri:0, instance:test.Demo3@fa49800]" started-at="2022-10-31T21:26:12 MDT" name="Demoo" finished-at="2022-10-31T21:26:12 MDT" duration-ms="0" status="PASS">
          <reporter-output>
          </reporter-output>
        </test-method> <!-- Demoo -->
        <test-method signature="Demo4()[pri:0, instance:test.Demo3@fa49800]" started-at="2022-10-31T21:26:12 MDT" name="Demo4" finished-at="2022-10-31T21:26:12 MDT" duration-ms="2" status="PASS">
          <reporter-output>
          </reporter-output>
        </test-method> <!-- Demo4 -->
        <test-method is-config="true" signature="Demoo1()[pri:0, instance:test.Demo3@fa49800]" started-at="2022-10-31T21:26:12 MDT" name="Demoo1" finished-at="2022-10-31T21:26:12 MDT" duration-ms="0" status="PASS">
          <reporter-output>
          </reporter-output>
        </test-method> <!-- Demoo1 -->
        <test-method is-config="true" signature="Demoo()[pri:0, instance:test.Demo3@fa49800]" started-at="2022-10-31T21:26:12 MDT" name="Demoo" finished-at="2022-10-31T21:26:12 MDT" duration-ms="1" status="PASS">
          <reporter-output>
          </reporter-output>
        </test-method> <!-- Demoo -->
        <test-method signature="Demo5()[pri:0, instance:test.Demo3@fa49800]" started-at="2022-10-31T21:26:12 MDT" name="Demo5" finished-at="2022-10-31T21:26:12 MDT" duration-ms="11" status="PASS">
          <reporter-output>
          </reporter-output>
        </test-method> <!-- Demo5 -->
        <test-method is-config="true" signature="Demoo1()[pri:0, instance:test.Demo3@fa49800]" started-at="2022-10-31T21:26:12 MDT" name="Demoo1" finished-at="2022-10-31T21:26:12 MDT" duration-ms="0" status="PASS">
          <reporter-output>
          </reporter-output>
        </test-method> <!-- Demoo1 -->
      </class> <!-- test.Demo3 -->
      <class name="test.Demo2">
        <test-method is-config="true" signature="Demo8()[pri:0, instance:test.Demo2@34f5090e]" started-at="2022-10-31T21:26:12 MDT" name="Demo8" finished-at="2022-10-31T21:26:12 MDT" duration-ms="1" status="PASS">
          <reporter-output>
          </reporter-output>
        </test-method> <!-- Demo8 -->
      </class> <!-- test.Demo2 -->
    </test> <!-- Car loan -->
  </suite> <!-- Suite -->
</testng-results>
